-- The C compiler identification is GNU 13.3.0
-- The CXX compiler identification is GNU 13.3.0
-- Detecting C compiler ABI info
-- Detecting C compiler ABI info - done
-- Check for working C compiler: /usr/bin/cc - skipped
-- Detecting C compile features
-- Detecting C compile features - done
-- Detecting CXX compiler ABI info
-- Detecting CXX compiler ABI info - done
-- Check for working CXX compiler: /usr/bin/c++ - skipped
-- Detecting CXX compile features
-- Detecting CXX compile features - done
-- Found ament_cmake: 2.5.3 (/opt/ros/jazzy/share/ament_cmake/cmake)
-- Found Python3: /usr/bin/python3 (found version "3.12.3") found components: Interpreter 
-- Found rclcpp: 28.1.8 (/opt/ros/jazzy/share/rclcpp/cmake)
-- Found rosidl_generator_c: 4.6.5 (/opt/ros/jazzy/share/rosidl_generator_c/cmake)
-- Found rosidl_generator_cpp: 4.6.5 (/opt/ros/jazzy/share/rosidl_generator_cpp/cmake)
-- Using all available rosidl_typesupport_c: rosidl_typesupport_fastrtps_c;rosidl_typesupport_introspection_c
-- Using all available rosidl_typesupport_cpp: rosidl_typesupport_fastrtps_cpp;rosidl_typesupport_introspection_cpp
-- Found rmw_implementation_cmake: 7.3.2 (/opt/ros/jazzy/share/rmw_implementation_cmake/cmake)
-- Found rmw_fastrtps_cpp: 8.4.2 (/opt/ros/jazzy/share/rmw_fastrtps_cpp/cmake)
-- Found OpenSSL: /usr/lib/x86_64-linux-gnu/libcrypto.so (found version "3.0.13")  
-- Found FastRTPS: /opt/ros/jazzy/include (Required is at least version "2.13") 
-- Using RMW implementation 'rmw_fastrtps_cpp' as default
-- Found rclpy: 7.1.4 (/opt/ros/jazzy/share/rclpy/cmake)
-- Found geometry_msgs: 5.3.6 (/opt/ros/jazzy/share/geometry_msgs/cmake)
-- Found navigation2: 1.3.5 (/opt/ros/jazzy/share/navigation2/cmake)
-- Found nav2_bringup: 1.3.5 (/opt/ros/jazzy/share/nav2_bringup/cmake)
-- Found slam_toolbox: 2.8.2 (/opt/ros/jazzy/share/slam_toolbox/cmake)
-- Found eigen3_cmake_module: 0.3.0 (/opt/ros/jazzy/share/eigen3_cmake_module/cmake)
-- Found Eigen3: TRUE (found version "3.4.0") 
-- Ensuring Eigen3 include directory is part of orocos-kdl CMake target
-- Setting OGRE_DIR to: '/opt/ros/jazzy/share/rviz_ogre_vendor/cmake/../../../opt/rviz_ogre_vendor/lib/OGRE/cmake'
-- Found OGRE
--   static     : OFF
--   components : MeshLodGenerator;Overlay;Paging;Property;RTShaderSystem;Terrain;Volume
--   plugins    : Plugin_BSPSceneManager;Plugin_OctreeSceneManager;Plugin_PCZSceneManager;Plugin_ParticleFX;RenderSystem_GL;RenderSystem_GL3Plus;Codec_STBI
--   media      : /opt/ros/jazzy/opt/rviz_ogre_vendor/share/OGRE/Media
-- OGRE_LIBRARIES: OgreMeshLodGenerator;OgreOverlay;OgrePaging;OgreProperty;OgreRTShaderSystem;OgreTerrain;OgreVolume;OgreMain
-- OGRE_LIBRARY_DIRS: /opt/ros/jazzy/opt/rviz_ogre_vendor/lib
-- OGRE_PLUGINS: Plugin_BSPSceneManager;Plugin_OctreeSceneManager;Plugin_PCZSceneManager;Plugin_ParticleFX;RenderSystem_GL;RenderSystem_GL3Plus;Codec_STBI
-- OGRE_PLUGIN_DIR: /opt/ros/jazzy/opt/rviz_ogre_vendor/lib/OGRE
-- rviz_ogre_vendor::OgreOverlay for IMPORTED_LOCATION_RELEASE: /opt/ros/jazzy/opt/rviz_ogre_vendor/lib/libOgreOverlay.so
-- rviz_ogre_vendor::OgreOverlay for IMPORTED_LOCATION_DEBUG: /opt/ros/jazzy/opt/rviz_ogre_vendor/lib/libOgreOverlay.so
-- rviz_ogre_vendor::OgreMain for IMPORTED_LOCATION_RELEASE: /opt/ros/jazzy/opt/rviz_ogre_vendor/lib/libOgreMain.so
-- rviz_ogre_vendor::OgreMain for IMPORTED_LOCATION_DEBUG: /opt/ros/jazzy/opt/rviz_ogre_vendor/lib/libOgreMain.so
-- Found ZLIB: /usr/lib/x86_64-linux-gnu/libz.so (found version "1.3")  
-- Found OpenGL: /usr/lib/x86_64-linux-gnu/libOpenGL.so   
-- Found X11: /usr/include   
-- Looking for XOpenDisplay in /usr/lib/x86_64-linux-gnu/libX11.so;/usr/lib/x86_64-linux-gnu/libXext.so
-- Looking for XOpenDisplay in /usr/lib/x86_64-linux-gnu/libX11.so;/usr/lib/x86_64-linux-gnu/libXext.so - found
-- Looking for gethostbyname
-- Looking for gethostbyname - found
-- Looking for connect
-- Looking for connect - found
-- Looking for remove
-- Looking for remove - found
-- Looking for shmat
-- Looking for shmat - found
-- Looking for IceConnectionNumber in ICE
-- Looking for IceConnectionNumber in ICE - found
-- Setting yaml-cpp_DIR to: '/opt/ros/jazzy/share/yaml_cpp_vendor/cmake/../../../opt/yaml_cpp_vendor/share/cmake/yaml-cpp'
-- Found ament_lint_auto: 0.17.2 (/opt/ros/jazzy/share/ament_lint_auto/cmake)
-- Added test 'flake8' to check Python code syntax and style conventions
-- Configured 'flake8' exclude dirs and/or files: 
-- Added test 'lint_cmake' to check CMake code style
-- Added test 'pep257' to check Python code against some of the docstring style conventions in PEP 257
-- Added test 'xmllint' to check XML markup files
-- Configuring done (7.0s)
-- Generating done (0.0s)
-- Build files have been written to: /home/aix/ros2_ws/src/arap_robot/build/arap_robot_navigation
Built target ament_cmake_python_copy_arap_robot_navigation
Built target ament_cmake_python_copy_arap_robot_navigation_setup
running egg_info
creating arap_robot_navigation.egg-info
writing arap_robot_navigation.egg-info/PKG-INFO
writing dependency_links to arap_robot_navigation.egg-info/dependency_links.txt
writing top-level names to arap_robot_navigation.egg-info/top_level.txt
writing manifest file 'arap_robot_navigation.egg-info/SOURCES.txt'
reading manifest file 'arap_robot_navigation.egg-info/SOURCES.txt'
writing manifest file 'arap_robot_navigation.egg-info/SOURCES.txt'
Built target ament_cmake_python_build_arap_robot_navigation_egg
-- Install configuration: ""
-- Installing: /home/aix/ros2_ws/src/arap_robot/install/arap_robot_navigation/share/arap_robot_navigation/environment/pythonpath.sh
-- Installing: /home/aix/ros2_ws/src/arap_robot/install/arap_robot_navigation/share/arap_robot_navigation/environment/pythonpath.dsv
-- Installing: /home/aix/ros2_ws/src/arap_robot/install/arap_robot_navigation/lib/python3.12/site-packages/arap_robot_navigation-0.0.0-py3.12.egg-info
-- Installing: /home/aix/ros2_ws/src/arap_robot/install/arap_robot_navigation/lib/python3.12/site-packages/arap_robot_navigation-0.0.0-py3.12.egg-info/SOURCES.txt
-- Installing: /home/aix/ros2_ws/src/arap_robot/install/arap_robot_navigation/lib/python3.12/site-packages/arap_robot_navigation-0.0.0-py3.12.egg-info/PKG-INFO
-- Installing: /home/aix/ros2_ws/src/arap_robot/install/arap_robot_navigation/lib/python3.12/site-packages/arap_robot_navigation-0.0.0-py3.12.egg-info/top_level.txt
-- Installing: /home/aix/ros2_ws/src/arap_robot/install/arap_robot_navigation/lib/python3.12/site-packages/arap_robot_navigation-0.0.0-py3.12.egg-info/dependency_links.txt
-- Installing: /home/aix/ros2_ws/src/arap_robot/install/arap_robot_navigation/lib/python3.12/site-packages/arap_robot_navigation
-- Installing: /home/aix/ros2_ws/src/arap_robot/install/arap_robot_navigation/lib/python3.12/site-packages/arap_robot_navigation/cmd_vel_relay.py
-- Installing: /home/aix/ros2_ws/src/arap_robot/install/arap_robot_navigation/lib/python3.12/site-packages/arap_robot_navigation/__init__.py
Listing '/home/aix/ros2_ws/src/arap_robot/install/arap_robot_navigation/lib/python3.12/site-packages/arap_robot_navigation'...
Compiling '/home/aix/ros2_ws/src/arap_robot/install/arap_robot_navigation/lib/python3.12/site-packages/arap_robot_navigation/__init__.py'...
Compiling '/home/aix/ros2_ws/src/arap_robot/install/arap_robot_navigation/lib/python3.12/site-packages/arap_robot_navigation/cmd_vel_relay.py'...
-- Installing: /home/aix/ros2_ws/src/arap_robot/install/arap_robot_navigation/lib/arap_robot_navigation/cmd_vel_relay.py
-- Installing: /home/aix/ros2_ws/src/arap_robot/install/arap_robot_navigation/share/arap_robot_navigation/config
-- Installing: /home/aix/ros2_ws/src/arap_robot/install/arap_robot_navigation/share/arap_robot_navigation/config/arap_nav2_default_params.yaml
-- Installing: /home/aix/ros2_ws/src/arap_robot/install/arap_robot_navigation/share/arap_robot_navigation/config/mapper_params_online_async.yaml
-- Installing: /home/aix/ros2_ws/src/arap_robot/install/arap_robot_navigation/share/arap_robot_navigation/config/nav_params_complex.yaml
-- Installing: /home/aix/ros2_ws/src/arap_robot/install/arap_robot_navigation/share/arap_robot_navigation/maps
-- Installing: /home/aix/ros2_ws/src/arap_robot/install/arap_robot_navigation/share/arap_robot_navigation/maps/cafe_world_map.pgm
-- Installing: /home/aix/ros2_ws/src/arap_robot/install/arap_robot_navigation/share/arap_robot_navigation/maps/cafe_world_map.yaml
-- Installing: /home/aix/ros2_ws/src/arap_robot/install/arap_robot_navigation/share/arap_robot_navigation/maps/cafe_map.pgm
-- Installing: /home/aix/ros2_ws/src/arap_robot/install/arap_robot_navigation/share/arap_robot_navigation/maps/cafe_map.yaml
-- Installing: /home/aix/ros2_ws/src/arap_robot/install/arap_robot_navigation/share/arap_robot_navigation/rviz
-- Installing: /home/aix/ros2_ws/src/arap_robot/install/arap_robot_navigation/share/arap_robot_navigation/rviz/nav2_default_view.rviz
-- Installing: /home/aix/ros2_ws/src/arap_robot/install/arap_robot_navigation/share/ament_index/resource_index/package_run_dependencies/arap_robot_navigation
-- Installing: /home/aix/ros2_ws/src/arap_robot/install/arap_robot_navigation/share/ament_index/resource_index/parent_prefix_path/arap_robot_navigation
-- Installing: /home/aix/ros2_ws/src/arap_robot/install/arap_robot_navigation/share/arap_robot_navigation/environment/ament_prefix_path.sh
-- Installing: /home/aix/ros2_ws/src/arap_robot/install/arap_robot_navigation/share/arap_robot_navigation/environment/ament_prefix_path.dsv
-- Installing: /home/aix/ros2_ws/src/arap_robot/install/arap_robot_navigation/share/arap_robot_navigation/environment/path.sh
-- Installing: /home/aix/ros2_ws/src/arap_robot/install/arap_robot_navigation/share/arap_robot_navigation/environment/path.dsv
-- Installing: /home/aix/ros2_ws/src/arap_robot/install/arap_robot_navigation/share/arap_robot_navigation/local_setup.bash
-- Installing: /home/aix/ros2_ws/src/arap_robot/install/arap_robot_navigation/share/arap_robot_navigation/local_setup.sh
-- Installing: /home/aix/ros2_ws/src/arap_robot/install/arap_robot_navigation/share/arap_robot_navigation/local_setup.zsh
-- Installing: /home/aix/ros2_ws/src/arap_robot/install/arap_robot_navigation/share/arap_robot_navigation/local_setup.dsv
-- Installing: /home/aix/ros2_ws/src/arap_robot/install/arap_robot_navigation/share/arap_robot_navigation/package.dsv
-- Installing: /home/aix/ros2_ws/src/arap_robot/install/arap_robot_navigation/share/ament_index/resource_index/packages/arap_robot_navigation
-- Installing: /home/aix/ros2_ws/src/arap_robot/install/arap_robot_navigation/share/arap_robot_navigation/cmake/arap_robot_navigationConfig.cmake
-- Installing: /home/aix/ros2_ws/src/arap_robot/install/arap_robot_navigation/share/arap_robot_navigation/cmake/arap_robot_navigationConfig-version.cmake
-- Installing: /home/aix/ros2_ws/src/arap_robot/install/arap_robot_navigation/share/arap_robot_navigation/package.xml
