[0.026s] Invoking command in '/home/aix/ros2_ws/src/arap_robot/build/arap_robot_navigation': CMAKE_PREFIX_PATH=${CMAKE_PREFIX_PATH}:/opt/ros/jazzy DEBUGINFOD_URLS=https://debuginfod.ubuntu.com /usr/bin/cmake /home/aix/ros2_ws/src/arap_robot/arap_robot_navigation -DCMAKE_INSTALL_PREFIX=/home/aix/ros2_ws/src/arap_robot/install/arap_robot_navigation
[0.160s] -- The C compiler identification is GNU 13.3.0
[0.325s] -- The CXX compiler identification is GNU 13.3.0
[0.363s] -- Detecting C compiler ABI info
[0.567s] -- Detecting C compiler ABI info - done
[0.590s] -- Check for working C compiler: /usr/bin/cc - skipped
[0.590s] -- Detecting C compile features
[0.592s] -- Detecting C compile features - done
[0.613s] -- Detecting CXX compiler ABI info
[0.865s] -- Detecting CXX compiler ABI info - done
[0.901s] -- Check for working CXX compiler: /usr/bin/c++ - skipped
[0.902s] -- Detecting CXX compile features
[0.904s] -- Detecting CXX compile features - done
[0.919s] -- Found ament_cmake: 2.5.3 (/opt/ros/jazzy/share/ament_cmake/cmake)
[1.417s] -- Found Python3: /usr/bin/python3 (found version "3.12.3") found components: Interpreter 
[1.741s] -- Found rclcpp: 28.1.8 (/opt/ros/jazzy/share/rclcpp/cmake)
[1.886s] -- Found rosidl_generator_c: 4.6.5 (/opt/ros/jazzy/share/rosidl_generator_c/cmake)
[1.930s] -- Found rosidl_generator_cpp: 4.6.5 (/opt/ros/jazzy/share/rosidl_generator_cpp/cmake)
[1.982s] -- Using all available rosidl_typesupport_c: rosidl_typesupport_fastrtps_c;rosidl_typesupport_introspection_c
[2.043s] -- Using all available rosidl_typesupport_cpp: rosidl_typesupport_fastrtps_cpp;rosidl_typesupport_introspection_cpp
[2.288s] -- Found rmw_implementation_cmake: 7.3.2 (/opt/ros/jazzy/share/rmw_implementation_cmake/cmake)
[2.301s] -- Found rmw_fastrtps_cpp: 8.4.2 (/opt/ros/jazzy/share/rmw_fastrtps_cpp/cmake)
[2.519s] -- Found OpenSSL: /usr/lib/x86_64-linux-gnu/libcrypto.so (found version "3.0.13")  
[2.573s] -- Found FastRTPS: /opt/ros/jazzy/include (Required is at least version "2.13") 
[2.633s] -- Using RMW implementation 'rmw_fastrtps_cpp' as default
[2.857s] -- Found rclpy: 7.1.4 (/opt/ros/jazzy/share/rclpy/cmake)
[2.865s] -- Found geometry_msgs: 5.3.6 (/opt/ros/jazzy/share/geometry_msgs/cmake)
[2.969s] -- Found navigation2: 1.3.5 (/opt/ros/jazzy/share/navigation2/cmake)
[2.979s] -- Found nav2_bringup: 1.3.5 (/opt/ros/jazzy/share/nav2_bringup/cmake)
[2.992s] -- Found slam_toolbox: 2.8.2 (/opt/ros/jazzy/share/slam_toolbox/cmake)
[3.862s] -- Found eigen3_cmake_module: 0.3.0 (/opt/ros/jazzy/share/eigen3_cmake_module/cmake)
[3.865s] -- Found Eigen3: TRUE (found version "3.4.0") 
[3.866s] -- Ensuring Eigen3 include directory is part of orocos-kdl CMake target
[4.192s] -- Setting OGRE_DIR to: '/opt/ros/jazzy/share/rviz_ogre_vendor/cmake/../../../opt/rviz_ogre_vendor/lib/OGRE/cmake'
[4.195s] -- Found OGRE
[4.196s] --   static     : OFF
[4.196s] --   components : MeshLodGenerator;Overlay;Paging;Property;RTShaderSystem;Terrain;Volume
[4.196s] --   plugins    : Plugin_BSPSceneManager;Plugin_OctreeSceneManager;Plugin_PCZSceneManager;Plugin_ParticleFX;RenderSystem_GL;RenderSystem_GL3Plus;Codec_STBI
[4.197s] --   media      : /opt/ros/jazzy/opt/rviz_ogre_vendor/share/OGRE/Media
[4.197s] -- OGRE_LIBRARIES: OgreMeshLodGenerator;OgreOverlay;OgrePaging;OgreProperty;OgreRTShaderSystem;OgreTerrain;OgreVolume;OgreMain
[4.197s] -- OGRE_LIBRARY_DIRS: /opt/ros/jazzy/opt/rviz_ogre_vendor/lib
[4.197s] -- OGRE_PLUGINS: Plugin_BSPSceneManager;Plugin_OctreeSceneManager;Plugin_PCZSceneManager;Plugin_ParticleFX;RenderSystem_GL;RenderSystem_GL3Plus;Codec_STBI
[4.198s] -- OGRE_PLUGIN_DIR: /opt/ros/jazzy/opt/rviz_ogre_vendor/lib/OGRE
[4.198s] -- rviz_ogre_vendor::OgreOverlay for IMPORTED_LOCATION_RELEASE: /opt/ros/jazzy/opt/rviz_ogre_vendor/lib/libOgreOverlay.so
[4.198s] -- rviz_ogre_vendor::OgreOverlay for IMPORTED_LOCATION_DEBUG: /opt/ros/jazzy/opt/rviz_ogre_vendor/lib/libOgreOverlay.so
[4.198s] -- rviz_ogre_vendor::OgreMain for IMPORTED_LOCATION_RELEASE: /opt/ros/jazzy/opt/rviz_ogre_vendor/lib/libOgreMain.so
[4.199s] -- rviz_ogre_vendor::OgreMain for IMPORTED_LOCATION_DEBUG: /opt/ros/jazzy/opt/rviz_ogre_vendor/lib/libOgreMain.so
[4.282s] -- Found ZLIB: /usr/lib/x86_64-linux-gnu/libz.so (found version "1.3")  
[4.311s] -- Found OpenGL: /usr/lib/x86_64-linux-gnu/libOpenGL.so   
[4.729s] -- Found X11: /usr/include   
[4.730s] -- Looking for XOpenDisplay in /usr/lib/x86_64-linux-gnu/libX11.so;/usr/lib/x86_64-linux-gnu/libXext.so
[4.933s] -- Looking for XOpenDisplay in /usr/lib/x86_64-linux-gnu/libX11.so;/usr/lib/x86_64-linux-gnu/libXext.so - found
[4.934s] -- Looking for gethostbyname
[5.126s] -- Looking for gethostbyname - found
[5.127s] -- Looking for connect
[5.322s] -- Looking for connect - found
[5.322s] -- Looking for remove
[5.522s] -- Looking for remove - found
[5.522s] -- Looking for shmat
[5.721s] -- Looking for shmat - found
[5.721s] -- Looking for IceConnectionNumber in ICE
[5.912s] -- Looking for IceConnectionNumber in ICE - found
[5.959s] -- Setting yaml-cpp_DIR to: '/opt/ros/jazzy/share/yaml_cpp_vendor/cmake/../../../opt/yaml_cpp_vendor/share/cmake/yaml-cpp'
[6.682s] -- Found ament_lint_auto: 0.17.2 (/opt/ros/jazzy/share/ament_lint_auto/cmake)
[6.985s] -- Added test 'flake8' to check Python code syntax and style conventions
[6.985s] -- Configured 'flake8' exclude dirs and/or files: 
[6.988s] -- Added test 'lint_cmake' to check CMake code style
[6.991s] -- Added test 'pep257' to check Python code against some of the docstring style conventions in PEP 257
[6.998s] -- Added test 'xmllint' to check XML markup files
[7.006s] -- Configuring done (7.0s)
[7.023s] -- Generating done (0.0s)
[7.032s] -- Build files have been written to: /home/aix/ros2_ws/src/arap_robot/build/arap_robot_navigation
[7.060s] Invoked command in '/home/aix/ros2_ws/src/arap_robot/build/arap_robot_navigation' returned '0': CMAKE_PREFIX_PATH=${CMAKE_PREFIX_PATH}:/opt/ros/jazzy DEBUGINFOD_URLS=https://debuginfod.ubuntu.com /usr/bin/cmake /home/aix/ros2_ws/src/arap_robot/arap_robot_navigation -DCMAKE_INSTALL_PREFIX=/home/aix/ros2_ws/src/arap_robot/install/arap_robot_navigation
[7.064s] Invoking command in '/home/aix/ros2_ws/src/arap_robot/build/arap_robot_navigation': CMAKE_PREFIX_PATH=${CMAKE_PREFIX_PATH}:/opt/ros/jazzy DEBUGINFOD_URLS=https://debuginfod.ubuntu.com /usr/bin/cmake --build /home/aix/ros2_ws/src/arap_robot/build/arap_robot_navigation -- -j8 -l8
[7.217s] Built target ament_cmake_python_copy_arap_robot_navigation
[7.218s] Built target ament_cmake_python_copy_arap_robot_navigation_setup
[7.917s] running egg_info
[7.919s] creating arap_robot_navigation.egg-info
[7.970s] writing arap_robot_navigation.egg-info/PKG-INFO
[7.970s] writing dependency_links to arap_robot_navigation.egg-info/dependency_links.txt
[7.971s] writing top-level names to arap_robot_navigation.egg-info/top_level.txt
[7.971s] writing manifest file 'arap_robot_navigation.egg-info/SOURCES.txt'
[8.122s] reading manifest file 'arap_robot_navigation.egg-info/SOURCES.txt'
[8.123s] writing manifest file 'arap_robot_navigation.egg-info/SOURCES.txt'
[8.184s] Built target ament_cmake_python_build_arap_robot_navigation_egg
[8.210s] Invoked command in '/home/aix/ros2_ws/src/arap_robot/build/arap_robot_navigation' returned '0': CMAKE_PREFIX_PATH=${CMAKE_PREFIX_PATH}:/opt/ros/jazzy DEBUGINFOD_URLS=https://debuginfod.ubuntu.com /usr/bin/cmake --build /home/aix/ros2_ws/src/arap_robot/build/arap_robot_navigation -- -j8 -l8
[8.240s] Invoking command in '/home/aix/ros2_ws/src/arap_robot/build/arap_robot_navigation': CMAKE_PREFIX_PATH=${CMAKE_PREFIX_PATH}:/opt/ros/jazzy DEBUGINFOD_URLS=https://debuginfod.ubuntu.com /usr/bin/cmake --install /home/aix/ros2_ws/src/arap_robot/build/arap_robot_navigation
[8.261s] -- Install configuration: ""
[8.262s] -- Installing: /home/aix/ros2_ws/src/arap_robot/install/arap_robot_navigation/share/arap_robot_navigation/environment/pythonpath.sh
[8.262s] -- Installing: /home/aix/ros2_ws/src/arap_robot/install/arap_robot_navigation/share/arap_robot_navigation/environment/pythonpath.dsv
[8.262s] -- Installing: /home/aix/ros2_ws/src/arap_robot/install/arap_robot_navigation/lib/python3.12/site-packages/arap_robot_navigation-0.0.0-py3.12.egg-info
[8.263s] -- Installing: /home/aix/ros2_ws/src/arap_robot/install/arap_robot_navigation/lib/python3.12/site-packages/arap_robot_navigation-0.0.0-py3.12.egg-info/SOURCES.txt
[8.263s] -- Installing: /home/aix/ros2_ws/src/arap_robot/install/arap_robot_navigation/lib/python3.12/site-packages/arap_robot_navigation-0.0.0-py3.12.egg-info/PKG-INFO
[8.263s] -- Installing: /home/aix/ros2_ws/src/arap_robot/install/arap_robot_navigation/lib/python3.12/site-packages/arap_robot_navigation-0.0.0-py3.12.egg-info/top_level.txt
[8.263s] -- Installing: /home/aix/ros2_ws/src/arap_robot/install/arap_robot_navigation/lib/python3.12/site-packages/arap_robot_navigation-0.0.0-py3.12.egg-info/dependency_links.txt
[8.263s] -- Installing: /home/aix/ros2_ws/src/arap_robot/install/arap_robot_navigation/lib/python3.12/site-packages/arap_robot_navigation
[8.264s] -- Installing: /home/aix/ros2_ws/src/arap_robot/install/arap_robot_navigation/lib/python3.12/site-packages/arap_robot_navigation/cmd_vel_relay.py
[8.264s] -- Installing: /home/aix/ros2_ws/src/arap_robot/install/arap_robot_navigation/lib/python3.12/site-packages/arap_robot_navigation/__init__.py
[8.359s] Listing '/home/aix/ros2_ws/src/arap_robot/install/arap_robot_navigation/lib/python3.12/site-packages/arap_robot_navigation'...
[8.360s] Compiling '/home/aix/ros2_ws/src/arap_robot/install/arap_robot_navigation/lib/python3.12/site-packages/arap_robot_navigation/__init__.py'...
[8.360s] Compiling '/home/aix/ros2_ws/src/arap_robot/install/arap_robot_navigation/lib/python3.12/site-packages/arap_robot_navigation/cmd_vel_relay.py'...
[8.376s] -- Installing: /home/aix/ros2_ws/src/arap_robot/install/arap_robot_navigation/lib/arap_robot_navigation/cmd_vel_relay.py
[8.376s] -- Installing: /home/aix/ros2_ws/src/arap_robot/install/arap_robot_navigation/share/arap_robot_navigation/config
[8.377s] -- Installing: /home/aix/ros2_ws/src/arap_robot/install/arap_robot_navigation/share/arap_robot_navigation/config/arap_nav2_default_params.yaml
[8.377s] -- Installing: /home/aix/ros2_ws/src/arap_robot/install/arap_robot_navigation/share/arap_robot_navigation/config/mapper_params_online_async.yaml
[8.377s] -- Installing: /home/aix/ros2_ws/src/arap_robot/install/arap_robot_navigation/share/arap_robot_navigation/config/nav_params_complex.yaml
[8.378s] -- Installing: /home/aix/ros2_ws/src/arap_robot/install/arap_robot_navigation/share/arap_robot_navigation/maps
[8.378s] -- Installing: /home/aix/ros2_ws/src/arap_robot/install/arap_robot_navigation/share/arap_robot_navigation/maps/cafe_world_map.pgm
[8.378s] -- Installing: /home/aix/ros2_ws/src/arap_robot/install/arap_robot_navigation/share/arap_robot_navigation/maps/cafe_world_map.yaml
[8.379s] -- Installing: /home/aix/ros2_ws/src/arap_robot/install/arap_robot_navigation/share/arap_robot_navigation/maps/cafe_map.pgm
[8.379s] -- Installing: /home/aix/ros2_ws/src/arap_robot/install/arap_robot_navigation/share/arap_robot_navigation/maps/cafe_map.yaml
[8.379s] -- Installing: /home/aix/ros2_ws/src/arap_robot/install/arap_robot_navigation/share/arap_robot_navigation/rviz
[8.380s] -- Installing: /home/aix/ros2_ws/src/arap_robot/install/arap_robot_navigation/share/arap_robot_navigation/rviz/nav2_default_view.rviz
[8.380s] -- Installing: /home/aix/ros2_ws/src/arap_robot/install/arap_robot_navigation/share/ament_index/resource_index/package_run_dependencies/arap_robot_navigation
[8.380s] -- Installing: /home/aix/ros2_ws/src/arap_robot/install/arap_robot_navigation/share/ament_index/resource_index/parent_prefix_path/arap_robot_navigation
[8.381s] -- Installing: /home/aix/ros2_ws/src/arap_robot/install/arap_robot_navigation/share/arap_robot_navigation/environment/ament_prefix_path.sh
[8.381s] -- Installing: /home/aix/ros2_ws/src/arap_robot/install/arap_robot_navigation/share/arap_robot_navigation/environment/ament_prefix_path.dsv
[8.381s] -- Installing: /home/aix/ros2_ws/src/arap_robot/install/arap_robot_navigation/share/arap_robot_navigation/environment/path.sh
[8.382s] -- Installing: /home/aix/ros2_ws/src/arap_robot/install/arap_robot_navigation/share/arap_robot_navigation/environment/path.dsv
[8.382s] -- Installing: /home/aix/ros2_ws/src/arap_robot/install/arap_robot_navigation/share/arap_robot_navigation/local_setup.bash
[8.382s] -- Installing: /home/aix/ros2_ws/src/arap_robot/install/arap_robot_navigation/share/arap_robot_navigation/local_setup.sh
[8.383s] -- Installing: /home/aix/ros2_ws/src/arap_robot/install/arap_robot_navigation/share/arap_robot_navigation/local_setup.zsh
[8.383s] -- Installing: /home/aix/ros2_ws/src/arap_robot/install/arap_robot_navigation/share/arap_robot_navigation/local_setup.dsv
[8.383s] -- Installing: /home/aix/ros2_ws/src/arap_robot/install/arap_robot_navigation/share/arap_robot_navigation/package.dsv
[8.384s] -- Installing: /home/aix/ros2_ws/src/arap_robot/install/arap_robot_navigation/share/ament_index/resource_index/packages/arap_robot_navigation
[8.384s] -- Installing: /home/aix/ros2_ws/src/arap_robot/install/arap_robot_navigation/share/arap_robot_navigation/cmake/arap_robot_navigationConfig.cmake
[8.385s] -- Installing: /home/aix/ros2_ws/src/arap_robot/install/arap_robot_navigation/share/arap_robot_navigation/cmake/arap_robot_navigationConfig-version.cmake
[8.385s] -- Installing: /home/aix/ros2_ws/src/arap_robot/install/arap_robot_navigation/share/arap_robot_navigation/package.xml
[8.389s] Invoked command in '/home/aix/ros2_ws/src/arap_robot/build/arap_robot_navigation' returned '0': CMAKE_PREFIX_PATH=${CMAKE_PREFIX_PATH}:/opt/ros/jazzy DEBUGINFOD_URLS=https://debuginfod.ubuntu.com /usr/bin/cmake --install /home/aix/ros2_ws/src/arap_robot/build/arap_robot_navigation
